#
# There is insufficient memory for the Java Runtime Environment to continue.
# Native memory allocation (mmap) failed to map 268435456 bytes for G1 virtual space
# Possible reasons:
#   The system is out of physical RAM or swap space
#   The process is running with CompressedOops enabled, and the Java Heap may be blocking the growth of the native heap
# Possible solutions:
#   Reduce memory load on the system
#   Increase physical memory or swap space
#   Check if swap backing store is full
#   Decrease Java heap size (-Xmx/-Xms)
#   Decrease number of Java threads
#   Decrease Java thread stack sizes (-Xss)
#   Set larger code cache with -XX:ReservedCodeCacheSize=
#   JVM is running with Zero Based Compressed Oops mode in which the Java heap is
#     placed in the first 32GB address space. The Java Heap base address is the
#     maximum limit for the native heap growth. Please use -XX:HeapBaseMinAddress
#     to set the Java Heap base and to place the Java Heap above 32GB virtual address.
# This output file may be truncated or incomplete.
#
#  Out of Memory Error (os_windows.cpp:3769), pid=18844, tid=14652
#
# JRE version:  (17.0.6) (build )
# Java VM: OpenJDK 64-Bit Server VM (17.0.6+0-b2043.56-9586694, mixed mode, sharing, tiered, compressed oops, compressed class ptrs, g1 gc, windows-amd64)
# No core dump will be written. Minidumps are not enabled by default on client versions of Windows
#

---------------  S U M M A R Y ------------

Command Line: org.jetbrains.kotlin.cli.jvm.K2JVMCompiler @E:\MyProject\JobSkills-Mobile\node_modules\react-native-screens\android\build\20231010_12684749037396731697.compiler.options

Host: Intel(R) Core(TM) i5-6200U CPU @ 2.30GHz, 4 cores, 15G,  Windows 10 , 64 bit Build 19041 (10.0.19041.3393)
Time: Tue Oct 10 15:49:08 2023 Pakistan Standard Time elapsed time: 0.043328 seconds (0d 0h 0m 0s)

---------------  T H R E A D  ---------------

Current thread (0x00000238431f0a30):  JavaThread "Unknown thread" [_thread_in_vm, id=14652, stack(0x00000078f5500000,0x00000078f5600000)]

Stack: [0x00000078f5500000,0x00000078f5600000]
Native frames: (J=compiled Java code, j=interpreted, Vv=VM code, C=native code)
V  [jvm.dll+0x683b4a]
V  [jvm.dll+0x842654]
V  [jvm.dll+0x843dfe]
V  [jvm.dll+0x844463]
V  [jvm.dll+0x249b75]
V  [jvm.dll+0x680a19]
V  [jvm.dll+0x674f0a]
V  [jvm.dll+0x309acb]
V  [jvm.dll+0x310f86]
V  [jvm.dll+0x3608ee]
V  [jvm.dll+0x360b1f]
V  [jvm.dll+0x2dfbf8]
V  [jvm.dll+0x2e0b64]
V  [jvm.dll+0x813f41]
V  [jvm.dll+0x36e6a1]
V  [jvm.dll+0x7f347c]
V  [jvm.dll+0x3f0e8f]
V  [jvm.dll+0x3f29d1]
C  [jli.dll+0x526b]
C  [ucrtbase.dll+0x21bb2]
C  [KERNEL32.DLL+0x17344]
C  [ntdll.dll+0x526b1]


---------------  P R O C E S S  ---------------

Threads class SMR info:
_java_thread_list=0x00007ffb6986c058, length=0, elements={
}

Java Threads: ( => current thread )

Other Threads:
  0x00000238432594c0 GCTaskThread "GC Thread#0" [stack: 0x00000078f5700000,0x00000078f5800000] [id=10112]
  0x000002384326a210 ConcurrentGCThread "G1 Main Marker" [stack: 0x00000078f5800000,0x00000078f5900000] [id=18372]
  0x000002384326ac20 ConcurrentGCThread "G1 Conc#0" [stack: 0x00000078f5900000,0x00000078f5a00000] [id=15608]

[error occurred during error reporting (printing all threads), id 0xc0000005, EXCEPTION_ACCESS_VIOLATION (0xc0000005) at pc=0x00007ffb69020797]

VM state: not at safepoint (not fully initialized)

VM Mutex/Monitor currently owned by a thread:  ([mutex/lock_event])
[0x00000238431ed000] Heap_lock - owner thread: 0x00000238431f0a30

Heap address: 0x0000000701e00000, size: 4066 MB, Compressed Oops mode: Zero based, Oop shift amount: 3

CDS archive(s) mapped at: [0x0000000000000000-0x0000000000000000-0x0000000000000000), size 0, SharedBaseAddress: 0x0000000800000000, ArchiveRelocationMode: 0.
Narrow klass base: 0x0000000000000000, Narrow klass shift: 0, Narrow klass range: 0x0

GC Precious Log:
<Empty>

Heap:
 garbage-first heap   total 0K, used 0K [0x0000000701e00000, 0x0000000800000000)
  region size 2048K, 0 young (0K), 0 survivors (0K)

[error occurred during error reporting (printing heap information), id 0xc0000005, EXCEPTION_ACCESS_VIOLATION (0xc0000005) at pc=0x00007ffb6940d939]

GC Heap History (0 events):
No events

Dll operation events (1 events):
Event: 0.012 Loaded shared library C:\Program Files\Android\Android Studio\jre\bin\java.dll

Deoptimization events (0 events):
No events

Classes unloaded (0 events):
No events

Classes redefined (0 events):
No events

Internal exceptions (0 events):
No events

VM Operations (0 events):
No events

Events (0 events):
No events


Dynamic libraries:
0x00007ff7112b0000 - 0x00007ff7112ba000 	C:\Program Files\Android\Android Studio\jre\bin\java.exe
0x00007ffbdc030000 - 0x00007ffbdc228000 	C:\WINDOWS\SYSTEM32\ntdll.dll
0x00007ffbda090000 - 0x00007ffbda14d000 	C:\WINDOWS\System32\KERNEL32.DLL
0x00007ffbd9740000 - 0x00007ffbd9a36000 	C:\WINDOWS\System32\KERNELBASE.dll
0x00007ffbd9e50000 - 0x00007ffbd9f50000 	C:\WINDOWS\System32\ucrtbase.dll
0x00007ffbccac0000 - 0x00007ffbccad7000 	C:\Program Files\Android\Android Studio\jre\bin\jli.dll
0x00007ffbdb0c0000 - 0x00007ffbdb25e000 	C:\WINDOWS\System32\USER32.dll
0x00007ffbd9d30000 - 0x00007ffbd9d52000 	C:\WINDOWS\System32\win32u.dll
0x00007ffbdbe90000 - 0x00007ffbdbebc000 	C:\WINDOWS\System32\GDI32.dll
0x00007ffbd9ab0000 - 0x00007ffbd9bca000 	C:\WINDOWS\System32\gdi32full.dll
0x00007ffbd9d60000 - 0x00007ffbd9dfd000 	C:\WINDOWS\System32\msvcp_win.dll
0x00007ffbcd7a0000 - 0x00007ffbcd7bb000 	C:\Program Files\Android\Android Studio\jre\bin\VCRUNTIME140.dll
0x00007ffbd8a90000 - 0x00007ffbd8d2a000 	C:\WINDOWS\WinSxS\amd64_microsoft.windows.common-controls_6595b64144ccf1df_6.0.19041.1110_none_60b5254171f9507e\COMCTL32.dll
0x00007ffbda220000 - 0x00007ffbda2be000 	C:\WINDOWS\System32\msvcrt.dll
0x00007ffbdb080000 - 0x00007ffbdb0b0000 	C:\WINDOWS\System32\IMM32.DLL
0x00007ffbd0350000 - 0x00007ffbd035c000 	C:\Program Files\Android\Android Studio\jre\bin\vcruntime140_1.dll
0x00007ffb99d20000 - 0x00007ffb99dad000 	C:\Program Files\Android\Android Studio\jre\bin\msvcp140.dll
0x00007ffb68d30000 - 0x00007ffb6999d000 	C:\Program Files\Android\Android Studio\jre\bin\server\jvm.dll
0x00007ffbda9c0000 - 0x00007ffbdaa6e000 	C:\WINDOWS\System32\ADVAPI32.dll
0x00007ffbda7f0000 - 0x00007ffbda88c000 	C:\WINDOWS\System32\sechost.dll
0x00007ffbdbd60000 - 0x00007ffbdbe86000 	C:\WINDOWS\System32\RPCRT4.dll
0x00007ffbcd790000 - 0x00007ffbcd799000 	C:\WINDOWS\SYSTEM32\WSOCK32.dll
0x00007ffbdaae0000 - 0x00007ffbdab4b000 	C:\WINDOWS\System32\WS2_32.dll
0x00007ffbd6ac0000 - 0x00007ffbd6ae7000 	C:\WINDOWS\SYSTEM32\WINMM.dll
0x00007ffbcf050000 - 0x00007ffbcf05a000 	C:\WINDOWS\SYSTEM32\VERSION.dll
0x00007ffbd7880000 - 0x00007ffbd7892000 	C:\WINDOWS\SYSTEM32\kernel.appcore.dll
0x00007ffbcca20000 - 0x00007ffbcca2a000 	C:\Program Files\Android\Android Studio\jre\bin\jimage.dll
0x00007ffbd90a0000 - 0x00007ffbd9284000 	C:\WINDOWS\SYSTEM32\DBGHELP.DLL
0x00007ffbd8fe0000 - 0x00007ffbd9014000 	C:\WINDOWS\SYSTEM32\dbgcore.DLL
0x00007ffbda000000 - 0x00007ffbda082000 	C:\WINDOWS\System32\bcryptPrimitives.dll
0x00007ffbcc9b0000 - 0x00007ffbcc9d5000 	C:\Program Files\Android\Android Studio\jre\bin\java.dll

dbghelp: loaded successfully - version: 4.0.5 - missing functions: none
symbol engine: initialized successfully - sym options: 0x614 - pdb path: .;C:\Program Files\Android\Android Studio\jre\bin;C:\WINDOWS\SYSTEM32;C:\WINDOWS\WinSxS\amd64_microsoft.windows.common-controls_6595b64144ccf1df_6.0.19041.1110_none_60b5254171f9507e;C:\Program Files\Android\Android Studio\jre\bin\server

VM Arguments:
java_command: org.jetbrains.kotlin.cli.jvm.K2JVMCompiler @E:\MyProject\JobSkills-Mobile\node_modules\react-native-screens\android\build\20231010_12684749037396731697.compiler.options
java_class_path (initial): C:\Users\Hamza\.gradle\caches\modules-2\files-2.1\org.jetbrains.kotlin\kotlin-compiler-embeddable\1.6.21\97bdd5a752ce73b58ef16c17bc7f0ea2faff7a2e\kotlin-compiler-embeddable-1.6.21.jar;C:\Users\Hamza\.gradle\caches\modules-2\files-2.1\org.jetbrains.kotlin\kotlin-reflect\1.6.21\5dc3574d9b7bebfcb4ec6b10ada4aaa9e140bd0b\kotlin-reflect-1.6.21.jar;C:\Users\Hamza\.gradle\caches\modules-2\files-2.1\org.jetbrains.kotlin\kotlin-stdlib\1.6.21\11ef67f1900634fd951bad28c53ec957fabbe5b8\kotlin-stdlib-1.6.21.jar;C:\Users\Hamza\.gradle\caches\modules-2\files-2.1\org.jetbrains.kotlin\kotlin-script-runtime\1.6.21\99c6675100da5d6d5b1c5a1032f27f28008d101b\kotlin-script-runtime-1.6.21.jar;C:\Users\Hamza\.gradle\caches\modules-2\files-2.1\org.jetbrains.kotlin\kotlin-daemon-embeddable\1.6.21\46b78cf392e1c4f10854c3cadba44abb7b82250f\kotlin-daemon-embeddable-1.6.21.jar;C:\Users\Hamza\.gradle\caches\modules-2\files-2.1\org.jetbrains.intellij.deps\trove4j\1.0.20200330\3afb14d5f9ceb459d724e907a21145e8ff394f02\trove4j-1.0.20200330.jar;C:\Users\Hamza\.gradle\caches\modules-2\files-2.1\net.java.dev.jna\jna\5.6.0\330f2244e9030119ab3030fc3fededc86713d9cc\jna-5.6.0.jar;C:\Users\Hamza\.gradle\caches\modules-2\files-2.1\org.jetbrains.kotlin\kotlin-stdlib-common\1.6.21\5e5b55c26dbc80372a920aef60eb774b714559b8\kotlin-stdlib-common-1.6.21.jar;C:\Users\Hamza\.gradle\caches\modules-2\files-2.1\org.jetbrains\annotations\13.0\919f0dfe192fb4e063e7dacadee7f8bb9a2672a9\annotations-13.0.jar
Launcher Type: SUN_STANDARD

[Global flags]
     intx CICompilerCount                          = 3                                         {product} {ergonomic}
     uint ConcGCThreads                            = 1                                         {product} {ergonomic}
     uint G1ConcRefinementThreads                  = 4                                         {product} {ergonomic}
   size_t G1HeapRegionSize                         = 2097152                                   {product} {ergonomic}
    uintx GCDrainStackTargetSize                   = 64                                        {product} {ergonomic}
   size_t InitialHeapSize                          = 268435456                                 {product} {ergonomic}
   size_t MarkStackSize                            = 4194304                                   {product} {ergonomic}
   size_t MaxHeapSize                              = 4263510016                                {product} {ergonomic}
   size_t MinHeapDeltaBytes                        = 2097152                                   {product} {ergonomic}
   size_t MinHeapSize                              = 8388608                                   {product} {ergonomic}
    uintx NonNMethodCodeHeapSize                   = 5832780                                {pd product} {ergonomic}
    uintx NonProfiledCodeHeapSize                  = 122912730                              {pd product} {ergonomic}
    uintx ProfiledCodeHeapSize                     = 122912730                              {pd product} {ergonomic}
    uintx ReservedCodeCacheSize                    = 251658240                              {pd product} {ergonomic}
     bool SegmentedCodeCache                       = true                                      {product} {ergonomic}
   size_t SoftMaxHeapSize                          = 4263510016                             {manageable} {ergonomic}
     bool UseCompressedClassPointers               = true                           {product lp64_product} {ergonomic}
     bool UseCompressedOops                        = true                           {product lp64_product} {ergonomic}
     bool UseG1GC                                  = true                                      {product} {ergonomic}
     bool UseLargePagesIndividualAllocation        = false                                  {pd product} {ergonomic}

Logging:
Log output configuration:
 #0: stdout all=warning uptime,level,tags
 #1: stderr all=off uptime,level,tags

Environment Variables:
JAVA_HOME=C:\Program Files\Android\Android Studio\jre
CLASSPATH=E:\MyProject\JobSkills-Mobile\android\\gradle\wrapper\gradle-wrapper.jar
PATH=E:\MyProject\JobSkills-Mobile\android\node_modules\.bin;E:\MyProject\JobSkills-Mobile\node_modules\.bin;E:\MyProject\node_modules\.bin;E:\node_modules\.bin;C:\Program Files\nodejs;E:\MyProject\JobSkills-Mobile\node_modules\.bin;E:\MyProject\JobSkills-Mobile\node_modules\.bin;E:\MyProject\node_modules\.bin;E:\node_modules\.bin;C:\Program Files\nodejs\node_modules\npm\node_modules\@npmcli\run-script\lib\node-gyp-bin;C:\Python311\Scripts\;C:\Python311\;C:\WINDOWS\system32;C:\WINDOWS;C:\WINDOWS\System32\Wbem;C:\WINDOWS\System32\WindowsPowerShell\v1.0\;C:\WINDOWS\System32\OpenSSH\;C:\Program Files\nodejs\;C:\ProgramData\chocolatey\bin;C:\Program Files\OpenJDK\jdk-20.0.1\bin;C:\Program Files\Git\cmd;C:\Users\Hamza\AppData\Local\Microsoft\WindowsApps;C:\Users\Hamza\AppData\Local\GitHubDesktop\bin;C:\Users\Hamza\AppData\Local\Programs\Microsoft VS Code\bin;C:\Users\Hamza\AppData\Roaming\npm;C:\Users\Hamza\AppData\Local\Android\Sdk\platform-tools;C:\Program Files\OpenSSL-Win64\bin;
USERNAME=Hamza
LANG=en_US.UTF-8
OS=Windows_NT
PROCESSOR_IDENTIFIER=Intel64 Family 6 Model 78 Stepping 3, GenuineIntel
TMP=C:\Users\Hamza\AppData\Local\Temp
TEMP=C:\Users\Hamza\AppData\Local\Temp



---------------  S Y S T E M  ---------------

OS:
 Windows 10 , 64 bit Build 19041 (10.0.19041.3393)
OS uptime: 6 days 0:50 hours
Hyper-V role detected

CPU: total 4 (initial active 4) (2 cores per cpu, 2 threads per core) family 6 model 78 stepping 3 microcode 0xf0, cx8, cmov, fxsr, ht, mmx, 3dnowpref, sse, sse2, sse3, ssse3, sse4.1, sse4.2, popcnt, lzcnt, tsc, tscinvbit, avx, avx2, aes, erms, clmul, bmi1, bmi2, adx, fma, vzeroupper, clflush, clflushopt, hv

Memory: 4k page, system-wide physical 16263M (5165M free)
TotalPageFile size 31357M (AvailPageFile size 26M)
current process WorkingSet (physical memory assigned to process): 10M, peak: 10M
current process commit charge ("private bytes"): 51M, peak: 307M

vm_info: OpenJDK 64-Bit Server VM (17.0.6+0-b2043.56-9586694) for windows-amd64 JRE (17.0.6+0-b2043.56-9586694), built on Feb  9 2023 20:06:20 by "androidbuild" with MS VC++ 16.10 / 16.11 (VS2019)

END.
